2012/12/28 21:47:57 [T] [template ParseFiles err: open views/RegController/POST.tpl: no such file or directory]
2012/12/28 21:47:57 [C] [Handler crashed with error runtime error: invalid memory address or nil pointer dereference]
2012/12/28 21:47:57 [C] [/Users/mac/go/src/pkg/runtime/proc.c 1443]
2012/12/28 21:47:57 [C] [/Users/mac/go/src/pkg/runtime/runtime.c 128]
2012/12/28 21:47:57 [C] [/Users/mac/go/src/pkg/runtime/thread_darwin.c 418]
2012/12/28 21:47:57 [C] [/Users/mac/go/src/pkg/html/template/template.go 78]
2012/12/28 21:47:57 [C] [/Users/mac/go/src/pkg/html/template/template.go 67]
2012/12/28 21:47:57 [C] [/Users/mac/mygo/src/github.com/astaxie/beego/controller.go 115]
2012/12/28 21:47:57 [C] [/Users/mac/go/src/pkg/reflect/value.go 521]
2012/12/28 21:47:57 [C] [/Users/mac/go/src/pkg/reflect/value.go 334]
2012/12/28 21:47:57 [C] [/Users/mac/mygo/src/github.com/astaxie/beego/router.go 250]
2012/12/28 21:47:57 [C] [/Users/mac/go/src/pkg/net/http/server.go 656]
2012/12/28 21:47:57 [C] [/Users/mac/go/src/pkg/runtime/proc.c 271]
2012/12/28 22:18:51 [T] [template ParseFiles err: open views/RegController/POST.tpl: no such file or directory]
2012/12/28 22:18:51 [C] [Handler crashed with error runtime error: invalid memory address or nil pointer dereference]
2012/12/28 22:18:51 [C] [/Users/mac/go/src/pkg/runtime/proc.c 1443]
2012/12/28 22:18:51 [C] [/Users/mac/go/src/pkg/runtime/runtime.c 128]
2012/12/28 22:18:51 [C] [/Users/mac/go/src/pkg/runtime/thread_darwin.c 418]
2012/12/28 22:18:51 [C] [/Users/mac/go/src/pkg/html/template/template.go 78]
2012/12/28 22:18:51 [C] [/Users/mac/go/src/pkg/html/template/template.go 67]
2012/12/28 22:18:51 [C] [/Users/mac/mygo/src/github.com/astaxie/beego/controller.go 115]
2012/12/28 22:18:51 [C] [/Users/mac/go/src/pkg/reflect/value.go 521]
2012/12/28 22:18:51 [C] [/Users/mac/go/src/pkg/reflect/value.go 334]
2012/12/28 22:18:51 [C] [/Users/mac/mygo/src/github.com/astaxie/beego/router.go 250]
2012/12/28 22:18:51 [C] [/Users/mac/go/src/pkg/net/http/server.go 656]
2012/12/28 22:18:51 [C] [/Users/mac/go/src/pkg/runtime/proc.c 271]
