2012/12/30 22:49:49 [T] [template ParseFiles err: open views/login.tpl: no such file or directory]
2012/12/30 22:49:49 [C] [Handler crashed with error runtime error: invalid memory address or nil pointer dereference]
2012/12/30 22:49:49 [C] [/Users/mac/go/src/pkg/runtime/proc.c 1443]
2012/12/30 22:49:49 [C] [/Users/mac/go/src/pkg/runtime/runtime.c 128]
2012/12/30 22:49:49 [C] [/Users/mac/go/src/pkg/runtime/thread_darwin.c 418]
2012/12/30 22:49:49 [C] [/Users/mac/go/src/pkg/html/template/template.go 78]
2012/12/30 22:49:49 [C] [/Users/mac/go/src/pkg/html/template/template.go 67]
2012/12/30 22:49:49 [C] [/Users/mac/mygo/src/github.com/astaxie/beego/controller.go 115]
2012/12/30 22:49:49 [C] [/Users/mac/go/src/pkg/reflect/value.go 521]
2012/12/30 22:49:49 [C] [/Users/mac/go/src/pkg/reflect/value.go 334]
2012/12/30 22:49:49 [C] [/Users/mac/mygo/src/github.com/astaxie/beego/router.go 250]
2012/12/30 22:49:49 [C] [/Users/mac/go/src/pkg/net/http/server.go 656]
2012/12/30 22:49:49 [C] [/Users/mac/go/src/pkg/runtime/proc.c 271]
2012/12/30 22:50:43 [T] [template ParseFiles err: open views/login.tpl: no such file or directory]
2012/12/30 22:50:43 [C] [Handler crashed with error runtime error: invalid memory address or nil pointer dereference]
2012/12/30 22:50:43 [C] [/Users/mac/go/src/pkg/runtime/proc.c 1443]
2012/12/30 22:50:43 [C] [/Users/mac/go/src/pkg/runtime/runtime.c 128]
2012/12/30 22:50:43 [C] [/Users/mac/go/src/pkg/runtime/thread_darwin.c 418]
2012/12/30 22:50:43 [C] [/Users/mac/go/src/pkg/html/template/template.go 78]
2012/12/30 22:50:43 [C] [/Users/mac/go/src/pkg/html/template/template.go 67]
2012/12/30 22:50:43 [C] [/Users/mac/mygo/src/github.com/astaxie/beego/controller.go 115]
2012/12/30 22:50:43 [C] [/Users/mac/go/src/pkg/reflect/value.go 521]
2012/12/30 22:50:43 [C] [/Users/mac/go/src/pkg/reflect/value.go 334]
2012/12/30 22:50:43 [C] [/Users/mac/mygo/src/github.com/astaxie/beego/router.go 250]
2012/12/30 22:50:43 [C] [/Users/mac/go/src/pkg/net/http/server.go 656]
2012/12/30 22:50:43 [C] [/Users/mac/go/src/pkg/runtime/proc.c 271]
2012/12/30 22:50:47 [T] [template ParseFiles err: open views/login.tpl: no such file or directory]
2012/12/30 22:50:47 [C] [Handler crashed with error runtime error: invalid memory address or nil pointer dereference]
2012/12/30 22:50:47 [C] [/Users/mac/go/src/pkg/runtime/proc.c 1443]
2012/12/30 22:50:47 [C] [/Users/mac/go/src/pkg/runtime/runtime.c 128]
2012/12/30 22:50:47 [C] [/Users/mac/go/src/pkg/runtime/thread_darwin.c 418]
2012/12/30 22:50:47 [C] [/Users/mac/go/src/pkg/html/template/template.go 78]
2012/12/30 22:50:47 [C] [/Users/mac/go/src/pkg/html/template/template.go 67]
2012/12/30 22:50:47 [C] [/Users/mac/mygo/src/github.com/astaxie/beego/controller.go 115]
2012/12/30 22:50:47 [C] [/Users/mac/go/src/pkg/reflect/value.go 521]
2012/12/30 22:50:47 [C] [/Users/mac/go/src/pkg/reflect/value.go 334]
2012/12/30 22:50:47 [C] [/Users/mac/mygo/src/github.com/astaxie/beego/router.go 250]
2012/12/30 22:50:47 [C] [/Users/mac/go/src/pkg/net/http/server.go 656]
2012/12/30 22:50:47 [C] [/Users/mac/go/src/pkg/runtime/proc.c 271]
2012/12/30 22:51:18 [T] [template ParseFiles err: open views/login.tpl: no such file or directory]
2012/12/30 22:51:18 [C] [Handler crashed with error runtime error: invalid memory address or nil pointer dereference]
2012/12/30 22:51:18 [C] [/Users/mac/go/src/pkg/runtime/proc.c 1443]
2012/12/30 22:51:18 [C] [/Users/mac/go/src/pkg/runtime/runtime.c 128]
2012/12/30 22:51:18 [C] [/Users/mac/go/src/pkg/runtime/thread_darwin.c 418]
2012/12/30 22:51:18 [C] [/Users/mac/go/src/pkg/html/template/template.go 78]
2012/12/30 22:51:18 [C] [/Users/mac/go/src/pkg/html/template/template.go 67]
2012/12/30 22:51:18 [C] [/Users/mac/mygo/src/github.com/astaxie/beego/controller.go 115]
2012/12/30 22:51:18 [C] [/Users/mac/go/src/pkg/reflect/value.go 521]
2012/12/30 22:51:18 [C] [/Users/mac/go/src/pkg/reflect/value.go 334]
2012/12/30 22:51:18 [C] [/Users/mac/mygo/src/github.com/astaxie/beego/router.go 250]
2012/12/30 22:51:18 [C] [/Users/mac/go/src/pkg/net/http/server.go 656]
2012/12/30 22:51:18 [C] [/Users/mac/go/src/pkg/runtime/proc.c 271]
2012/12/30 22:52:15 [T] [template ParseFiles err: open views/login.tpl: no such file or directory]
2012/12/30 22:52:15 [C] [Handler crashed with error runtime error: invalid memory address or nil pointer dereference]
2012/12/30 22:52:15 [C] [/Users/mac/go/src/pkg/runtime/proc.c 1443]
2012/12/30 22:52:15 [C] [/Users/mac/go/src/pkg/runtime/runtime.c 128]
2012/12/30 22:52:15 [C] [/Users/mac/go/src/pkg/runtime/thread_darwin.c 418]
2012/12/30 22:52:15 [C] [/Users/mac/go/src/pkg/html/template/template.go 78]
2012/12/30 22:52:15 [C] [/Users/mac/go/src/pkg/html/template/template.go 67]
2012/12/30 22:52:15 [C] [/Users/mac/mygo/src/github.com/astaxie/beego/controller.go 115]
2012/12/30 22:52:15 [C] [/Users/mac/go/src/pkg/reflect/value.go 521]
2012/12/30 22:52:15 [C] [/Users/mac/go/src/pkg/reflect/value.go 334]
2012/12/30 22:52:15 [C] [/Users/mac/mygo/src/github.com/astaxie/beego/router.go 250]
2012/12/30 22:52:15 [C] [/Users/mac/go/src/pkg/net/http/server.go 656]
2012/12/30 22:52:15 [C] [/Users/mac/go/src/pkg/runtime/proc.c 271]
2012/12/30 22:52:52 [T] [template ParseFiles err: open views/login.tpl: no such file or directory]
2012/12/30 22:52:52 [C] [Handler crashed with error runtime error: invalid memory address or nil pointer dereference]
2012/12/30 22:52:52 [C] [/Users/mac/go/src/pkg/runtime/proc.c 1443]
2012/12/30 22:52:52 [C] [/Users/mac/go/src/pkg/runtime/runtime.c 128]
2012/12/30 22:52:52 [C] [/Users/mac/go/src/pkg/runtime/thread_darwin.c 418]
2012/12/30 22:52:52 [C] [/Users/mac/go/src/pkg/html/template/template.go 78]
2012/12/30 22:52:52 [C] [/Users/mac/go/src/pkg/html/template/template.go 67]
2012/12/30 22:52:52 [C] [/Users/mac/mygo/src/github.com/astaxie/beego/controller.go 115]
2012/12/30 22:52:52 [C] [/Users/mac/go/src/pkg/reflect/value.go 521]
2012/12/30 22:52:52 [C] [/Users/mac/go/src/pkg/reflect/value.go 334]
2012/12/30 22:52:52 [C] [/Users/mac/mygo/src/github.com/astaxie/beego/router.go 250]
2012/12/30 22:52:52 [C] [/Users/mac/go/src/pkg/net/http/server.go 656]
2012/12/30 22:52:52 [C] [/Users/mac/go/src/pkg/runtime/proc.c 271]
