2012/12/26 15:02:50 [I] [[123 123]]
2012/12/26 15:02:50 [T] [template ParseFiles err: open views/AddBlogController/POST.tpl: no such file or directory]
2012/12/26 15:02:50 [C] [Handler crashed with error runtime error: invalid memory address or nil pointer dereference]
2012/12/26 15:02:50 [C] [/Users/mac/go/src/pkg/runtime/proc.c 1443]
2012/12/26 15:02:50 [C] [/Users/mac/go/src/pkg/runtime/runtime.c 128]
2012/12/26 15:02:50 [C] [/Users/mac/go/src/pkg/runtime/thread_darwin.c 418]
2012/12/26 15:02:50 [C] [/Users/mac/go/src/pkg/html/template/template.go 78]
2012/12/26 15:02:50 [C] [/Users/mac/go/src/pkg/html/template/template.go 67]
2012/12/26 15:02:50 [C] [/Users/mac/mygo/src/github.com/astaxie/beego/controller.go 115]
2012/12/26 15:02:50 [C] [/Users/mac/go/src/pkg/reflect/value.go 521]
2012/12/26 15:02:50 [C] [/Users/mac/go/src/pkg/reflect/value.go 334]
2012/12/26 15:02:50 [C] [/Users/mac/mygo/src/github.com/astaxie/beego/router.go 250]
2012/12/26 15:02:50 [C] [/Users/mac/go/src/pkg/net/http/server.go 656]
2012/12/26 15:02:50 [C] [/Users/mac/go/src/pkg/runtime/proc.c 271]
2012/12/26 15:03:55 [I] [[title:123 content:123]]
2012/12/26 15:03:55 [T] [template ParseFiles err: open views/AddBlogController/POST.tpl: no such file or directory]
2012/12/26 15:03:55 [C] [Handler crashed with error runtime error: invalid memory address or nil pointer dereference]
2012/12/26 15:03:55 [C] [/Users/mac/go/src/pkg/runtime/proc.c 1443]
2012/12/26 15:03:55 [C] [/Users/mac/go/src/pkg/runtime/runtime.c 128]
2012/12/26 15:03:55 [C] [/Users/mac/go/src/pkg/runtime/thread_darwin.c 418]
2012/12/26 15:03:55 [C] [/Users/mac/go/src/pkg/html/template/template.go 78]
2012/12/26 15:03:55 [C] [/Users/mac/go/src/pkg/html/template/template.go 67]
2012/12/26 15:03:55 [C] [/Users/mac/mygo/src/github.com/astaxie/beego/controller.go 115]
2012/12/26 15:03:55 [C] [/Users/mac/go/src/pkg/reflect/value.go 521]
2012/12/26 15:03:55 [C] [/Users/mac/go/src/pkg/reflect/value.go 334]
2012/12/26 15:03:55 [C] [/Users/mac/mygo/src/github.com/astaxie/beego/router.go 250]
2012/12/26 15:03:55 [C] [/Users/mac/go/src/pkg/net/http/server.go 656]
2012/12/26 15:03:55 [C] [/Users/mac/go/src/pkg/runtime/proc.c 271]
2012/12/26 16:24:23 [I] [[title:test content:test]]
2012/12/26 21:53:14 [I] [[title:etest2 content:teds]]
2012/12/26 23:24:51 [I] [[editBlog:  id: title:我的博客1 content:我的博客1]]
